#
# There is insufficient memory for the Java Runtime Environment to continue.
# Native memory allocation (mmap) failed to map 134217728 bytes for G1 virtual space
# Possible reasons:
#   The system is out of physical RAM or swap space
#   The process is running with CompressedOops enabled, and the Java Heap may be blocking the growth of the native heap
# Possible solutions:
#   Reduce memory load on the system
#   Increase physical memory or swap space
#   Check if swap backing store is full
#   Decrease Java heap size (-Xmx/-Xms)
#   Decrease number of Java threads
#   Decrease Java thread stack sizes (-Xss)
#   Set larger code cache with -XX:ReservedCodeCacheSize=
#   JVM is running with Unscaled Compressed Oops mode in which the Java heap is
#     placed in the first 4GB address space. The Java Heap base address is the
#     maximum limit for the native heap growth. Please use -XX:HeapBaseMinAddress
#     to set the Java Heap base and to place the Java Heap above 4GB virtual address.
# This output file may be truncated or incomplete.
#
#  Out of Memory Error (os_windows.cpp:3829), pid=12500, tid=3692
#
# JRE version:  (17.0.8.1+7) (build )
# Java VM: OpenJDK 64-Bit Server VM (17.0.8.1+7-b1000.32, mixed mode, sharing, tiered, compressed oops, compressed class ptrs, g1 gc, windows-amd64)
# No core dump will be written. Minidumps are not enabled by default on client versions of Windows
#

---------------  S U M M A R Y ------------

Command Line: git4idea.http.GitAskPassApp Username for 'https://github.com': 

Host: Intel(R) Core(TM) i5-4200M CPU @ 2.50GHz, 4 cores, 7G,  Windows 10 , 64 bit Build 17134 (10.0.17134.753)
Time: Tue Jan 16 01:00:43 2024 RTZ 7 (зима) elapsed time: 0.115074 seconds (0d 0h 0m 0s)

---------------  T H R E A D  ---------------

Current thread (0x000001c0f6343700):  JavaThread "Unknown thread" [_thread_in_vm, id=3692, stack(0x00000016f2d00000,0x00000016f2e00000)]

Stack: [0x00000016f2d00000,0x00000016f2e00000]
Native frames: (J=compiled Java code, j=interpreted, Vv=VM code, C=native code)
V  [jvm.dll+0x6852da]
V  [jvm.dll+0x844c84]
V  [jvm.dll+0x84659e]
V  [jvm.dll+0x846c03]
V  [jvm.dll+0x24b7cf]
V  [jvm.dll+0x682049]
V  [jvm.dll+0x67671a]
V  [jvm.dll+0x30be2b]
V  [jvm.dll+0x3132d6]
V  [jvm.dll+0x36302e]
V  [jvm.dll+0x36325f]
V  [jvm.dll+0x2e1f48]
V  [jvm.dll+0x2e2eb4]
V  [jvm.dll+0x815c11]
V  [jvm.dll+0x370df1]
V  [jvm.dll+0x7f4fdc]
V  [jvm.dll+0x3f3f1f]
V  [jvm.dll+0x3f5b31]
C  [jli.dll+0x528f]
C  [ucrtbase.dll+0x1e3fe]
C  [KERNEL32.DLL+0x14034]
C  [ntdll.dll+0x73691]


---------------  P R O C E S S  ---------------

Threads class SMR info:
_java_thread_list=0x00007ffaaa4600d8, length=0, elements={
}

Java Threads: ( => current thread )

Other Threads:
  0x000001c0f639eca0 GCTaskThread "GC Thread#0" [stack: 0x00000016f2e00000,0x00000016f2f00000] [id=17852]
  0x000001c0f63af9b0 ConcurrentGCThread "G1 Main Marker" [stack: 0x00000016f2f00000,0x00000016f3000000] [id=18704]
  0x000001c0f63b03c0 ConcurrentGCThread "G1 Conc#0" [stack: 0x00000016f3000000,0x00000016f3100000] [id=18912]

[error occurred during error reporting (printing all threads), id 0xc0000005, EXCEPTION_ACCESS_VIOLATION (0xc0000005) at pc=0x00007ffaa9c12ab7]

VM state: not at safepoint (not fully initialized)

VM Mutex/Monitor currently owned by a thread:  ([mutex/lock_event])
[0x000001c0f633ec80] Heap_lock - owner thread: 0x000001c0f6343700

Heap address: 0x0000000081200000, size: 2030 MB, Compressed Oops mode: 32-bit

CDS archive(s) mapped at: [0x0000000000000000-0x0000000000000000-0x0000000000000000), size 0, SharedBaseAddress: 0x0000000800000000, ArchiveRelocationMode: 1.
Narrow klass base: 0x0000000000000000, Narrow klass shift: 0, Narrow klass range: 0x0

GC Precious Log:
<Empty>

Heap:
 garbage-first heap   total 0K, used 0K [0x0000000081200000, 0x0000000100000000)
  region size 1024K, 0 young (0K), 0 survivors (0K)
 Metaspace       used 0K, committed 0K, reserved 0K
  class space    used 0K, committed 0K, reserved 0K

Heap Regions: E=young(eden), S=young(survivor), O=old, HS=humongous(starts), HC=humongous(continues), CS=collection set, F=free, OA=open archive, CA=closed archive, TAMS=top-at-mark-start (previous, next)

Card table byte_map: [0x000001c0f9eb0000,0x000001c0fa2b0000] _byte_map_base: 0x000001c0f9aa7000

Marking Bits (Prev, Next): (CMBitMap*) 0x000001c0f639f2c0, (CMBitMap*) 0x000001c0f639f300
 Prev Bits: [0x000001c0fa6b0000, 0x000001c0fc668000)
 Next Bits: [0x000001c0fc670000, 0x000001c0fe628000)

GC Heap History (0 events):
No events

Dll operation events (1 events):
Event: 0.020 Loaded shared library C:\Program Files\JetBrains\IntelliJ IDEA Community Edition 2023.2.3\jbr\bin\java.dll

Deoptimization events (0 events):
No events

Classes unloaded (0 events):
No events

Classes redefined (0 events):
No events

Internal exceptions (0 events):
No events

VM Operations (0 events):
No events

Events (0 events):
No events


Dynamic libraries:
0x00007ff7f28d0000 - 0x00007ff7f28da000 	C:\Program Files\JetBrains\IntelliJ IDEA Community Edition 2023.2.3\jbr\bin\java.exe
0x00007ffb0b450000 - 0x00007ffb0b631000 	C:\Windows\SYSTEM32\ntdll.dll
0x00007ffb09530000 - 0x00007ffb095e1000 	C:\Windows\System32\KERNEL32.DLL
0x00007ffb08070000 - 0x00007ffb082e3000 	C:\Windows\System32\KERNELBASE.dll
0x00007ffb07f70000 - 0x00007ffb08068000 	C:\Windows\System32\ucrtbase.dll
0x00007ffac90d0000 - 0x00007ffac90e7000 	C:\Program Files\JetBrains\IntelliJ IDEA Community Edition 2023.2.3\jbr\bin\jli.dll
0x00007ffb088d0000 - 0x00007ffb08a60000 	C:\Windows\System32\USER32.dll
0x00007ffb085f0000 - 0x00007ffb08610000 	C:\Windows\System32\win32u.dll
0x00007ffb0afd0000 - 0x00007ffb0aff8000 	C:\Windows\System32\GDI32.dll
0x00007ffb08610000 - 0x00007ffb087a1000 	C:\Windows\System32\gdi32full.dll
0x00007ffb087b0000 - 0x00007ffb0884f000 	C:\Windows\System32\msvcp_win.dll
0x00007ffad6fa0000 - 0x00007ffad6fbb000 	C:\Program Files\JetBrains\IntelliJ IDEA Community Edition 2023.2.3\jbr\bin\VCRUNTIME140.dll
0x00007ffae98a0000 - 0x00007ffae9b09000 	C:\Windows\WinSxS\amd64_microsoft.windows.common-controls_6595b64144ccf1df_6.0.17134.1345_none_d3ffd07b7c9058ed\COMCTL32.dll
0x00007ffb0b370000 - 0x00007ffb0b40e000 	C:\Windows\System32\msvcrt.dll
0x00007ffb0ac40000 - 0x00007ffb0af61000 	C:\Windows\System32\combase.dll
0x00007ffb08eb0000 - 0x00007ffb08fd4000 	C:\Windows\System32\RPCRT4.dll
0x00007ffb08850000 - 0x00007ffb088c9000 	C:\Windows\System32\bcryptPrimitives.dll
0x00007ffb0b340000 - 0x00007ffb0b36d000 	C:\Windows\System32\IMM32.DLL
0x00007ffade040000 - 0x00007ffade04c000 	C:\Program Files\JetBrains\IntelliJ IDEA Community Edition 2023.2.3\jbr\bin\vcruntime140_1.dll
0x00007ffacbe30000 - 0x00007ffacbebd000 	C:\Program Files\JetBrains\IntelliJ IDEA Community Edition 2023.2.3\jbr\bin\msvcp140.dll
0x00007ffaa9920000 - 0x00007ffaaa5a3000 	C:\Program Files\JetBrains\IntelliJ IDEA Community Edition 2023.2.3\jbr\bin\server\jvm.dll
0x00007ffb0b110000 - 0x00007ffb0b1b1000 	C:\Windows\System32\ADVAPI32.dll
0x00007ffb09200000 - 0x00007ffb0925b000 	C:\Windows\System32\sechost.dll
0x00007ffb07750000 - 0x00007ffb0779c000 	C:\Windows\System32\POWRPROF.dll
0x00007ffad2960000 - 0x00007ffad2969000 	C:\Windows\SYSTEM32\WSOCK32.dll
0x00007ffb09190000 - 0x00007ffb091fc000 	C:\Windows\System32\WS2_32.dll
0x00007ffb04010000 - 0x00007ffb04033000 	C:\Windows\SYSTEM32\WINMM.dll
0x00007ffafe240000 - 0x00007ffafe24a000 	C:\Windows\SYSTEM32\VERSION.dll
0x00007ffb03fe0000 - 0x00007ffb0400a000 	C:\Windows\SYSTEM32\WINMMBASE.dll
0x00007ffb07f20000 - 0x00007ffb07f69000 	C:\Windows\System32\cfgmgr32.dll
0x00007ffb077c0000 - 0x00007ffb077d1000 	C:\Windows\System32\kernel.appcore.dll
0x00007ffacc900000 - 0x00007ffacc90a000 	C:\Program Files\JetBrains\IntelliJ IDEA Community Edition 2023.2.3\jbr\bin\jimage.dll
0x00007ffafc5f0000 - 0x00007ffafc7b9000 	C:\Windows\SYSTEM32\DBGHELP.DLL
0x00007ffafc5b0000 - 0x00007ffafc5d9000 	C:\Windows\SYSTEM32\dbgcore.DLL
0x00007ffac27a0000 - 0x00007ffac27c5000 	C:\Program Files\JetBrains\IntelliJ IDEA Community Edition 2023.2.3\jbr\bin\java.dll

dbghelp: loaded successfully - version: 4.0.5 - missing functions: none
symbol engine: initialized successfully - sym options: 0x614 - pdb path: .;C:\Program Files\JetBrains\IntelliJ IDEA Community Edition 2023.2.3\jbr\bin;C:\Windows\SYSTEM32;C:\Windows\WinSxS\amd64_microsoft.windows.common-controls_6595b64144ccf1df_6.0.17134.1345_none_d3ffd07b7c9058ed;C:\Program Files\JetBrains\IntelliJ IDEA Community Edition 2023.2.3\jbr\bin\server

VM Arguments:
java_command: git4idea.http.GitAskPassApp Username for 'https://github.com': 
java_class_path (initial): C:/Program Files/JetBrains/IntelliJ IDEA Community Edition 2023.2.3/plugins/vcs-git/lib/git4idea-rt.jar;C:/Program Files/JetBrains/IntelliJ IDEA Community Edition 2023.2.3/lib/externalProcess-rt.jar
Launcher Type: SUN_STANDARD

[Global flags]
     intx CICompilerCount                          = 3                                         {product} {ergonomic}
     uint ConcGCThreads                            = 1                                         {product} {ergonomic}
     uint G1ConcRefinementThreads                  = 4                                         {product} {ergonomic}
   size_t G1HeapRegionSize                         = 1048576                                   {product} {ergonomic}
    uintx GCDrainStackTargetSize                   = 64                                        {product} {ergonomic}
   size_t InitialHeapSize                          = 134217728                                 {product} {ergonomic}
   size_t MarkStackSize                            = 4194304                                   {product} {ergonomic}
   size_t MaxHeapSize                              = 2128609280                                {product} {ergonomic}
   size_t MinHeapDeltaBytes                        = 1048576                                   {product} {ergonomic}
   size_t MinHeapSize                              = 8388608                                   {product} {ergonomic}
    uintx NonNMethodCodeHeapSize                   = 5832780                                {pd product} {ergonomic}
    uintx NonProfiledCodeHeapSize                  = 122912730                              {pd product} {ergonomic}
    uintx ProfiledCodeHeapSize                     = 122912730                              {pd product} {ergonomic}
    uintx ReservedCodeCacheSize                    = 251658240                              {pd product} {ergonomic}
     bool SegmentedCodeCache                       = true                                      {product} {ergonomic}
   size_t SoftMaxHeapSize                          = 2128609280                             {manageable} {ergonomic}
     bool UseCompressedClassPointers               = true                           {product lp64_product} {ergonomic}
     bool UseCompressedOops                        = true                           {product lp64_product} {ergonomic}
     bool UseG1GC                                  = true                                      {product} {ergonomic}
     bool UseLargePagesIndividualAllocation        = false                                  {pd product} {ergonomic}

Logging:
Log output configuration:
 #0: stdout all=warning uptime,level,tags
 #1: stderr all=off uptime,level,tags

Environment Variables:
JAVA_HOME=C:\Program Files\Java\jdk-21
CLASSPATH=.;C:\Java\Develop;
PATH=C:\Program Files\Git\mingw64\libexec\git-core;C:\Program Files\Git\mingw64\libexec\git-core;C:\Program Files\Git\mingw64\bin;C:\Program Files\Git\usr\bin;C:\Users\днс\bin;C:\Program Files\Microsoft MPI\Bin;C:\Program Files\Common Files\Oracle\Java\javapath;C:\Program Files (x86)\Common Files\Oracle\Java\javapath;C:\Program Files (x86)\Microsoft Visual Studio 12.0\VC\bin\amd64;C:\Program Files (x86)\Intel\iCLS Client;C:\Program Files\Intel\iCLS Client;C:\WINDOWS\system32;C:\WINDOWS;C:\WINDOWS\System32\Wbem;C:\WINDOWS\System32\WindowsPowerShell\v1.0;C:\Program Files (x86)\Windows Live\Shared;C:\Program Files (x86)\Intel\OpenCL SDK\3.0\bin\x86;C:\Program Files (x86)\Intel\OpenCL SDK\3.0\bin\x64;C:\Program Files\Intel\Intel(R) Management Engine Components\DAL;C:\Program Files\Intel\Intel(R) Management Engine Components\IPT;C:\Program Files (x86)\Intel\Intel(R) Management Engine Components\DAL;C:\Program Files (x86)\Intel\Intel(R) Management Engine Components\IPT;C:\Program Files (x86)\NVIDIA Corporation\PhysX\Common;C:\WINDOWS\system32;C:\WINDOWS;C:\WINDOWS\System32\Wbem;C:\WINDOWS\System32\WindowsPowerShell\v1.0;C:\Program Files (x86)\Skype\Phone;C:\WINDOWS\System32\OpenSSH;C:\Program Files\NVIDIA Corporation\NVIDIA NvDLISR;C:\Program Files\Java\jdk-21\bin;C:\Program Files\apache-maven-3.9.5\bin;C:\Program Files (x86)\Microsoft SQL Server\160\Tools\Binn;C:\Program Files\Microsoft SQL Server\160\Tools\Binn;C:\Program Files\Microsoft SQL Server\Client SDK\ODBC\170\Tools\Binn;C:\Program Files\Microsoft SQL Server\160\DTS\Binn;C:\Program Files (x86)\Microsoft SQL Server\160\DTS\Binn;C:\Program Files\Azure Data Studio\bin;C:\Program Files\Java\jdk-21\bin;C:\Program Files\apache-maven-3.9.5\bin;C:\Program Files\Git\cmd;C:\Users\днс\AppData\Local\Microsoft\WindowsApps;C:\Program Files\Azure Data Studio\bin;C:\Program Files\JetBrains\IntelliJ IDEA Community Edition 2023.2.3\bin;C:\Program Files\apache-maven-3.9.5bin;C:\Program Files\Java\jdk-21
USERNAME=днс
DISPLAY=:0.0
LC_ALL=en_US.UTF-8
TERM=xterm-256color
TMPDIR=C:\Users\775D~1\AppData\Local\Temp
OS=Windows_NT
PROCESSOR_IDENTIFIER=Intel64 Family 6 Model 60 Stepping 3, GenuineIntel
TMP=C:\Users\775D~1\AppData\Local\Temp
TEMP=C:\Users\775D~1\AppData\Local\Temp


JNI global refs:
JNI global refs: 0, weak refs: 0

JNI global refs memory usage: 0, weak refs: 0

OOME stack traces (most recent first):
Classloader memory used:


---------------  S Y S T E M  ---------------

OS:
 Windows 10 , 64 bit Build 17134 (10.0.17134.753)
OS uptime: 0 days 12:23 hours

CPU: total 4 (initial active 4) (2 cores per cpu, 2 threads per core) family 6 model 60 stepping 3 microcode 0x27, cx8, cmov, fxsr, ht, mmx, sse, sse2, sse3, ssse3, sse4.1, sse4.2, popcnt, lzcnt, tsc, tscinvbit, avx, avx2, aes, erms, clmul, bmi1, bmi2, fma, vzeroupper, clflush
Processor Information for all 4 processors :
  Max Mhz: 2501, Current Mhz: 2501, Mhz Limit: 2501

Memory: 4k page, system-wide physical 8112M (927M free)
TotalPageFile size 13112M (AvailPageFile size 85M)
current process WorkingSet (physical memory assigned to process): 10M, peak: 10M
current process commit charge ("private bytes"): 52M, peak: 179M

vm_info: OpenJDK 64-Bit Server VM (17.0.8.1+7-b1000.32) for windows-amd64 JRE (17.0.8.1+7-b1000.32), built on 2023-09-15 by "builduser" with MS VC++ 16.10 / 16.11 (VS2019)

END.
